2021-06-27 15:14:53.001  INFO 19880 --- [main] h.d.s.o.SpringCloudHmilyOrderApplication : No active profile set, falling back to default profiles: default
2021-06-27 15:14:54.880 ERROR 19880 --- [main] o.s.b.d.LoggingFailureAnalysisReporter   : 

***************************
APPLICATION FAILED TO START
***************************

Description:

An attempt was made to call the method com.google.common.base.Preconditions.checkNotNull(Ljava/lang/Object;Ljava/lang/String;Ljava/lang/Object;)Ljava/lang/Object; but it does not exist. Its class, com.google.common.base.Preconditions, is available from the following locations:

    jar:file:/D:/data/maven/com/google/guava/guava/18.0/guava-18.0.jar!/com/google/common/base/Preconditions.class

It was loaded from the following location:

    file:/D:/data/maven/com/google/guava/guava/18.0/guava-18.0.jar


Action:

Correct the classpath of your application so that it contains a single, compatible version of com.google.common.base.Preconditions

2021-06-27 15:21:19.618  INFO 15084 --- [main] h.d.s.o.SpringCloudHmilyOrderApplication : No active profile set, falling back to default profiles: default
2021-06-27 15:21:21.478 ERROR 15084 --- [main] o.s.b.d.LoggingFailureAnalysisReporter   : 

***************************
APPLICATION FAILED TO START
***************************

Description:

An attempt was made to call the method com.google.common.base.Preconditions.checkNotNull(Ljava/lang/Object;Ljava/lang/String;Ljava/lang/Object;)Ljava/lang/Object; but it does not exist. Its class, com.google.common.base.Preconditions, is available from the following locations:

    jar:file:/D:/data/maven/com/google/guava/guava/18.0/guava-18.0.jar!/com/google/common/base/Preconditions.class

It was loaded from the following location:

    file:/D:/data/maven/com/google/guava/guava/18.0/guava-18.0.jar


Action:

Correct the classpath of your application so that it contains a single, compatible version of com.google.common.base.Preconditions

2021-06-27 15:31:16.280  INFO 19144 --- [main] h.d.s.o.SpringCloudHmilyOrderApplication : No active profile set, falling back to default profiles: default
2021-06-27 15:31:18.680 ERROR 19144 --- [main] o.s.b.d.LoggingFailureAnalysisReporter   : 

***************************
APPLICATION FAILED TO START
***************************

Description:

An attempt was made to call the method com.google.common.base.Preconditions.checkNotNull(Ljava/lang/Object;Ljava/lang/String;Ljava/lang/Object;)Ljava/lang/Object; but it does not exist. Its class, com.google.common.base.Preconditions, is available from the following locations:

    jar:file:/D:/data/maven/com/google/guava/guava/18.0/guava-18.0.jar!/com/google/common/base/Preconditions.class

It was loaded from the following location:

    file:/D:/data/maven/com/google/guava/guava/18.0/guava-18.0.jar


Action:

Correct the classpath of your application so that it contains a single, compatible version of com.google.common.base.Preconditions

2021-06-27 15:33:33.289  INFO 26560 --- [main] h.d.s.o.SpringCloudHmilyOrderApplication : No active profile set, falling back to default profiles: default
2021-06-27 15:33:35.790  INFO 26560 --- [main] o.s.web.context.ContextLoader            : Root WebApplicationContext: initialization completed in 2484 ms
2021-06-27 15:33:35.915 DEBUG 26560 --- [main] org.apache.ibatis.logging.LogFactory     : Logging initialized using 'class org.apache.ibatis.logging.slf4j.Slf4jImpl' adapter.
2021-06-27 15:33:35.958 DEBUG 26560 --- [main] org.apache.ibatis.io.VFS                 : Using VFS adapter org.mybatis.spring.boot.autoconfigure.SpringBootVFS
2021-06-27 15:33:35.960 DEBUG 26560 --- [main] org.apache.ibatis.io.ResolverUtil        : Checking to see if class org.dromara.hmily.demo.common.order.entity.Order matches criteria [is assignable to Object]
2021-06-27 15:33:36.188 ERROR 26560 --- [main] org.dromara.hmily.spi.ExtensionLoader    : not found service provider for : org.dromara.hmily.core.service.HmilyTransactionHandlerRegistry
2021-06-27 15:33:39.080  INFO 26560 --- [main] h.d.s.o.SpringCloudHmilyOrderApplication : Started SpringCloudHmilyOrderApplication in 7.182 seconds (JVM running for 7.758)
2021-06-27 15:33:48.633  INFO 26560 --- [http-nio-0.0.0.0-8090-exec-1] o.s.web.servlet.DispatcherServlet        : Initializing Servlet 'dispatcherServlet'
2021-06-27 15:33:48.639  INFO 26560 --- [http-nio-0.0.0.0-8090-exec-1] o.s.web.servlet.DispatcherServlet        : Completed initialization in 6 ms
2021-06-27 15:34:17.699 DEBUG 26560 --- [http-nio-0.0.0.0-8090-exec-10] o.d.h.d.s.o.s.impl.OrderServiceImpl      : 构建订单对象
2021-06-27 15:34:17.735 DEBUG 26560 --- [http-nio-0.0.0.0-8090-exec-10] o.d.h.d.c.order.mapper.OrderMapper.save  : ==>  Preparing: insert into `order` (create_time,number,status,product_id,total_amount,count,user_id) values ( ?,?,?,?,?,?,?) 
2021-06-27 15:34:17.742 DEBUG 26560 --- [http-nio-0.0.0.0-8090-exec-10] o.d.h.d.c.order.mapper.OrderMapper.save  : ==> Parameters: 2021-06-27 15:34:17.7(Timestamp), 8196190257242603520(String), 1(Integer), 1(String), 10(BigDecimal), 1(Integer), 10000(String)
2021-06-27 15:34:17.753 DEBUG 26560 --- [http-nio-0.0.0.0-8090-exec-10] o.d.h.d.c.order.mapper.OrderMapper.save  : <==    Updates: 1
2021-06-27 15:34:17.776 DEBUG 26560 --- [http-nio-0.0.0.0-8090-exec-10] o.d.h.d.c.o.mapper.OrderMapper.update    : ==>  Preparing: update `order` set status = ? where number = ? 
2021-06-27 15:34:17.777 DEBUG 26560 --- [http-nio-0.0.0.0-8090-exec-10] o.d.h.d.c.o.mapper.OrderMapper.update    : ==> Parameters: 2(Integer), 8196190257242603520(String)
2021-06-27 15:34:17.780 DEBUG 26560 --- [http-nio-0.0.0.0-8090-exec-10] o.d.h.d.c.o.mapper.OrderMapper.update    : <==    Updates: 1
2021-06-27 15:34:18.599 DEBUG 26560 --- [hmily-disruptor_consumer_HmilyTransactionEventConsumer-5] o.d.h.d.c.o.mapper.OrderMapper.update    : ==>  Preparing: update `order` set status = ? where number = ? 
2021-06-27 15:34:18.600 DEBUG 26560 --- [hmily-disruptor_consumer_HmilyTransactionEventConsumer-5] o.d.h.d.c.o.mapper.OrderMapper.update    : ==> Parameters: 4(Integer), 8196190257242603520(String)
2021-06-27 15:34:18.604 DEBUG 26560 --- [hmily-disruptor_consumer_HmilyTransactionEventConsumer-5] o.d.h.d.c.o.mapper.OrderMapper.update    : <==    Updates: 1
2021-06-27 15:34:18.604  INFO 26560 --- [hmily-disruptor_consumer_HmilyTransactionEventConsumer-5] o.d.h.d.s.o.s.impl.PaymentServiceImpl    : =========进行订单confirm操作完成================
2021-06-27 15:37:21.410 DEBUG 26560 --- [http-nio-0.0.0.0-8090-exec-4] o.d.h.d.s.o.s.impl.OrderServiceImpl      : 构建订单对象
2021-06-27 15:37:21.411 DEBUG 26560 --- [http-nio-0.0.0.0-8090-exec-4] o.d.h.d.c.order.mapper.OrderMapper.save  : ==>  Preparing: insert into `order` (create_time,number,status,product_id,total_amount,count,user_id) values ( ?,?,?,?,?,?,?) 
2021-06-27 15:37:21.411 DEBUG 26560 --- [http-nio-0.0.0.0-8090-exec-4] o.d.h.d.c.order.mapper.OrderMapper.save  : ==> Parameters: 2021-06-27 15:37:21.41(Timestamp), 8196214914381414400(String), 1(Integer), 1(String), 10(BigDecimal), 1(Integer), 10000(String)
2021-06-27 15:37:21.421 DEBUG 26560 --- [http-nio-0.0.0.0-8090-exec-4] o.d.h.d.c.order.mapper.OrderMapper.save  : <==    Updates: 1
2021-06-27 15:37:21.422 DEBUG 26560 --- [http-nio-0.0.0.0-8090-exec-4] o.d.h.d.c.o.mapper.OrderMapper.update    : ==>  Preparing: update `order` set status = ? where number = ? 
2021-06-27 15:37:21.422 DEBUG 26560 --- [http-nio-0.0.0.0-8090-exec-4] o.d.h.d.c.o.mapper.OrderMapper.update    : ==> Parameters: 2(Integer), 8196214914381414400(String)
2021-06-27 15:37:21.427 DEBUG 26560 --- [http-nio-0.0.0.0-8090-exec-4] o.d.h.d.c.o.mapper.OrderMapper.update    : <==    Updates: 1
2021-06-27 15:37:21.795 ERROR 26560 --- [http-nio-0.0.0.0-8090-exec-4] o.d.h.s.feign.HmilyFeignHandler          : HmilyFeignHandler invoker exception :

feign.FeignException: status 500 reading AccountClient#paymentWithNestedException(AccountNestedDTO); content:
{"timestamp":"2021-06-27T07:37:21.784+0000","status":500,"error":"Internal Server Error","message":"status 500 reading InventoryClient#mockWithTryException(InventoryDTO); content:\n{\"timestamp\":\"2021-06-27T07:37:21.749+0000\",\"status\":500,\"error\":\"Internal Server Error\",\"message\":\"库存扣减异常！\",\"path\":\"/inventory-service/inventory/mockWithTryException\"}","path":"/account-service/account/paymentWithNestedException"}
	at feign.FeignException.errorStatus(FeignException.java:62) ~[feign-core-9.5.1.jar:na]
	at feign.codec.ErrorDecoder$Default.decode(ErrorDecoder.java:91) ~[feign-core-9.5.1.jar:na]
	at feign.SynchronousMethodHandler.executeAndDecode(SynchronousMethodHandler.java:138) ~[feign-core-9.5.1.jar:na]
	at feign.SynchronousMethodHandler.invoke(SynchronousMethodHandler.java:76) ~[feign-core-9.5.1.jar:na]
	at feign.ReflectiveFeign$FeignInvocationHandler.invoke(ReflectiveFeign.java:103) ~[feign-core-9.5.1.jar:na]
	at org.dromara.hmily.springcloud.feign.HmilyFeignHandler.invoke(HmilyFeignHandler.java:66) ~[hmily-springcloud-2.1.2-SNAPSHOT.jar:na]
	at com.sun.proxy.$Proxy114.paymentWithNestedException(Unknown Source) [na:na]
	at org.dromara.hmily.demo.springcloud.order.service.impl.PaymentServiceImpl.makePaymentWithNestedException(PaymentServiceImpl.java:146) [classes/:na]
	at org.dromara.hmily.demo.springcloud.order.service.impl.PaymentServiceImpl$$FastClassBySpringCGLIB$$e29f8084.invoke(<generated>) [classes/:na]
	at org.springframework.cglib.proxy.MethodProxy.invoke(MethodProxy.java:218) [spring-core-5.1.3.RELEASE.jar:5.1.3.RELEASE]
	at org.springframework.aop.framework.CglibAopProxy$CglibMethodInvocation.invokeJoinpoint(CglibAopProxy.java:749) [spring-aop-5.1.3.RELEASE.jar:5.1.3.RELEASE]
	at org.springframework.aop.framework.ReflectiveMethodInvocation.proceed(ReflectiveMethodInvocation.java:163) [spring-aop-5.1.3.RELEASE.jar:5.1.3.RELEASE]
	at org.springframework.aop.interceptor.ExposeInvocationInterceptor.invoke(ExposeInvocationInterceptor.java:93) [spring-aop-5.1.3.RELEASE.jar:5.1.3.RELEASE]
	at org.springframework.aop.framework.ReflectiveMethodInvocation.proceed(ReflectiveMethodInvocation.java:186) [spring-aop-5.1.3.RELEASE.jar:5.1.3.RELEASE]
	at org.springframework.aop.aspectj.MethodInvocationProceedingJoinPoint.proceed(MethodInvocationProceedingJoinPoint.java:88) [spring-aop-5.1.3.RELEASE.jar:5.1.3.RELEASE]
	at org.dromara.hmily.tcc.handler.StarterHmilyTccTransactionHandler.handleTransaction(StarterHmilyTccTransactionHandler.java:71) [hmily-tcc-2.1.2-SNAPSHOT.jar:na]
	at org.dromara.hmily.core.interceptor.HmilyGlobalInterceptor.invokeWithinTransaction(HmilyGlobalInterceptor.java:62) [hmily-core-2.1.2-SNAPSHOT.jar:na]
	at org.dromara.hmily.core.interceptor.HmilyGlobalInterceptor.invoke(HmilyGlobalInterceptor.java:57) [hmily-core-2.1.2-SNAPSHOT.jar:na]
	at org.dromara.hmily.core.aspect.AbstractHmilyTransactionAspect.interceptTccMethod(AbstractHmilyTransactionAspect.java:53) [hmily-core-2.1.2-SNAPSHOT.jar:na]
	at sun.reflect.NativeMethodAccessorImpl.invoke0(Native Method) ~[na:1.8.0_191]
	at sun.reflect.NativeMethodAccessorImpl.invoke(NativeMethodAccessorImpl.java:62) ~[na:1.8.0_191]
	at sun.reflect.DelegatingMethodAccessorImpl.invoke(DelegatingMethodAccessorImpl.java:43) ~[na:1.8.0_191]
	at java.lang.reflect.Method.invoke(Method.java:498) ~[na:1.8.0_191]
	at org.springframework.aop.aspectj.AbstractAspectJAdvice.invokeAdviceMethodWithGivenArgs(AbstractAspectJAdvice.java:644) [spring-aop-5.1.3.RELEASE.jar:5.1.3.RELEASE]
	at org.springframework.aop.aspectj.AbstractAspectJAdvice.invokeAdviceMethod(AbstractAspectJAdvice.java:633) [spring-aop-5.1.3.RELEASE.jar:5.1.3.RELEASE]
	at org.springframework.aop.aspectj.AspectJAroundAdvice.invoke(AspectJAroundAdvice.java:70) [spring-aop-5.1.3.RELEASE.jar:5.1.3.RELEASE]
	at org.springframework.aop.framework.ReflectiveMethodInvocation.proceed(ReflectiveMethodInvocation.java:175) [spring-aop-5.1.3.RELEASE.jar:5.1.3.RELEASE]
	at org.springframework.aop.framework.CglibAopProxy$DynamicAdvisedInterceptor.intercept(CglibAopProxy.java:688) [spring-aop-5.1.3.RELEASE.jar:5.1.3.RELEASE]
	at org.dromara.hmily.demo.springcloud.order.service.impl.PaymentServiceImpl$$EnhancerBySpringCGLIB$$a8dab1e.makePaymentWithNestedException(<generated>) [classes/:na]
	at org.dromara.hmily.demo.springcloud.order.service.impl.OrderServiceImpl.orderPayWithNestedException(OrderServiceImpl.java:108) [classes/:na]
	at org.dromara.hmily.demo.springcloud.order.controller.OrderController.orderPayWithNestedException(OrderController.java:99) [classes/:na]
	at sun.reflect.NativeMethodAccessorImpl.invoke0(Native Method) ~[na:1.8.0_191]
	at sun.reflect.NativeMethodAccessorImpl.invoke(NativeMethodAccessorImpl.java:62) ~[na:1.8.0_191]
	at sun.reflect.DelegatingMethodAccessorImpl.invoke(DelegatingMethodAccessorImpl.java:43) ~[na:1.8.0_191]
	at java.lang.reflect.Method.invoke(Method.java:498) ~[na:1.8.0_191]
	at org.springframework.web.method.support.InvocableHandlerMethod.doInvoke(InvocableHandlerMethod.java:189) [spring-web-5.1.3.RELEASE.jar:5.1.3.RELEASE]
	at org.springframework.web.method.support.InvocableHandlerMethod.invokeForRequest(InvocableHandlerMethod.java:138) [spring-web-5.1.3.RELEASE.jar:5.1.3.RELEASE]
	at org.springframework.web.servlet.mvc.method.annotation.ServletInvocableHandlerMethod.invokeAndHandle(ServletInvocableHandlerMethod.java:102) [spring-webmvc-5.1.3.RELEASE.jar:5.1.3.RELEASE]
	at org.springframework.web.servlet.mvc.method.annotation.RequestMappingHandlerAdapter.invokeHandlerMethod(RequestMappingHandlerAdapter.java:895) [spring-webmvc-5.1.3.RELEASE.jar:5.1.3.RELEASE]
	at org.springframework.web.servlet.mvc.method.annotation.RequestMappingHandlerAdapter.handleInternal(RequestMappingHandlerAdapter.java:800) [spring-webmvc-5.1.3.RELEASE.jar:5.1.3.RELEASE]
	at org.springframework.web.servlet.mvc.method.AbstractHandlerMethodAdapter.handle(AbstractHandlerMethodAdapter.java:87) [spring-webmvc-5.1.3.RELEASE.jar:5.1.3.RELEASE]
	at org.springframework.web.servlet.DispatcherServlet.doDispatch(DispatcherServlet.java:1038) [spring-webmvc-5.1.3.RELEASE.jar:5.1.3.RELEASE]
	at org.springframework.web.servlet.DispatcherServlet.doService(DispatcherServlet.java:942) [spring-webmvc-5.1.3.RELEASE.jar:5.1.3.RELEASE]
	at org.springframework.web.servlet.FrameworkServlet.processRequest(FrameworkServlet.java:1005) [spring-webmvc-5.1.3.RELEASE.jar:5.1.3.RELEASE]
	at org.springframework.web.servlet.FrameworkServlet.doPost(FrameworkServlet.java:908) [spring-webmvc-5.1.3.RELEASE.jar:5.1.3.RELEASE]
	at javax.servlet.http.HttpServlet.service(HttpServlet.java:660) [tomcat-embed-core-9.0.13.jar:9.0.13]
	at org.springframework.web.servlet.FrameworkServlet.service(FrameworkServlet.java:882) [spring-webmvc-5.1.3.RELEASE.jar:5.1.3.RELEASE]
	at javax.servlet.http.HttpServlet.service(HttpServlet.java:741) [tomcat-embed-core-9.0.13.jar:9.0.13]
	at org.apache.catalina.core.ApplicationFilterChain.internalDoFilter(ApplicationFilterChain.java:231) [tomcat-embed-core-9.0.13.jar:9.0.13]
	at org.apache.catalina.core.ApplicationFilterChain.doFilter(ApplicationFilterChain.java:166) [tomcat-embed-core-9.0.13.jar:9.0.13]
	at org.apache.tomcat.websocket.server.WsFilter.doFilter(WsFilter.java:53) [tomcat-embed-websocket-9.0.13.jar:9.0.13]
	at org.apache.catalina.core.ApplicationFilterChain.internalDoFilter(ApplicationFilterChain.java:193) [tomcat-embed-core-9.0.13.jar:9.0.13]
	at org.apache.catalina.core.ApplicationFilterChain.doFilter(ApplicationFilterChain.java:166) [tomcat-embed-core-9.0.13.jar:9.0.13]
	at org.springframework.web.filter.RequestContextFilter.doFilterInternal(RequestContextFilter.java:99) [spring-web-5.1.3.RELEASE.jar:5.1.3.RELEASE]
	at org.springframework.web.filter.OncePerRequestFilter.doFilter(OncePerRequestFilter.java:107) [spring-web-5.1.3.RELEASE.jar:5.1.3.RELEASE]
	at org.apache.catalina.core.ApplicationFilterChain.internalDoFilter(ApplicationFilterChain.java:193) [tomcat-embed-core-9.0.13.jar:9.0.13]
	at org.apache.catalina.core.ApplicationFilterChain.doFilter(ApplicationFilterChain.java:166) [tomcat-embed-core-9.0.13.jar:9.0.13]
	at org.springframework.web.filter.FormContentFilter.doFilterInternal(FormContentFilter.java:92) [spring-web-5.1.3.RELEASE.jar:5.1.3.RELEASE]
	at org.springframework.web.filter.OncePerRequestFilter.doFilter(OncePerRequestFilter.java:107) [spring-web-5.1.3.RELEASE.jar:5.1.3.RELEASE]
	at org.apache.catalina.core.ApplicationFilterChain.internalDoFilter(ApplicationFilterChain.java:193) [tomcat-embed-core-9.0.13.jar:9.0.13]
	at org.apache.catalina.core.ApplicationFilterChain.doFilter(ApplicationFilterChain.java:166) [tomcat-embed-core-9.0.13.jar:9.0.13]
	at org.springframework.web.filter.HiddenHttpMethodFilter.doFilterInternal(HiddenHttpMethodFilter.java:93) [spring-web-5.1.3.RELEASE.jar:5.1.3.RELEASE]
	at org.springframework.web.filter.OncePerRequestFilter.doFilter(OncePerRequestFilter.java:107) [spring-web-5.1.3.RELEASE.jar:5.1.3.RELEASE]
	at org.apache.catalina.core.ApplicationFilterChain.internalDoFilter(ApplicationFilterChain.java:193) [tomcat-embed-core-9.0.13.jar:9.0.13]
	at org.apache.catalina.core.ApplicationFilterChain.doFilter(ApplicationFilterChain.java:166) [tomcat-embed-core-9.0.13.jar:9.0.13]
	at org.springframework.web.filter.CharacterEncodingFilter.doFilterInternal(CharacterEncodingFilter.java:200) [spring-web-5.1.3.RELEASE.jar:5.1.3.RELEASE]
	at org.springframework.web.filter.OncePerRequestFilter.doFilter(OncePerRequestFilter.java:107) [spring-web-5.1.3.RELEASE.jar:5.1.3.RELEASE]
	at org.apache.catalina.core.ApplicationFilterChain.internalDoFilter(ApplicationFilterChain.java:193) [tomcat-embed-core-9.0.13.jar:9.0.13]
	at org.apache.catalina.core.ApplicationFilterChain.doFilter(ApplicationFilterChain.java:166) [tomcat-embed-core-9.0.13.jar:9.0.13]
	at org.apache.catalina.core.StandardWrapperValve.invoke(StandardWrapperValve.java:199) [tomcat-embed-core-9.0.13.jar:9.0.13]
	at org.apache.catalina.core.StandardContextValve.invoke(StandardContextValve.java:96) [tomcat-embed-core-9.0.13.jar:9.0.13]
	at org.apache.catalina.authenticator.AuthenticatorBase.invoke(AuthenticatorBase.java:490) [tomcat-embed-core-9.0.13.jar:9.0.13]
	at org.apache.catalina.core.StandardHostValve.invoke(StandardHostValve.java:139) [tomcat-embed-core-9.0.13.jar:9.0.13]
	at org.apache.catalina.valves.ErrorReportValve.invoke(ErrorReportValve.java:92) [tomcat-embed-core-9.0.13.jar:9.0.13]
	at org.apache.catalina.core.StandardEngineValve.invoke(StandardEngineValve.java:74) [tomcat-embed-core-9.0.13.jar:9.0.13]
	at org.apache.catalina.connector.CoyoteAdapter.service(CoyoteAdapter.java:343) [tomcat-embed-core-9.0.13.jar:9.0.13]
	at org.apache.coyote.http11.Http11Processor.service(Http11Processor.java:408) [tomcat-embed-core-9.0.13.jar:9.0.13]
	at org.apache.coyote.AbstractProcessorLight.process(AbstractProcessorLight.java:66) [tomcat-embed-core-9.0.13.jar:9.0.13]
	at org.apache.coyote.AbstractProtocol$ConnectionHandler.process(AbstractProtocol.java:791) [tomcat-embed-core-9.0.13.jar:9.0.13]
	at org.apache.tomcat.util.net.NioEndpoint$SocketProcessor.doRun(NioEndpoint.java:1417) [tomcat-embed-core-9.0.13.jar:9.0.13]
	at org.apache.tomcat.util.net.SocketProcessorBase.run(SocketProcessorBase.java:49) [tomcat-embed-core-9.0.13.jar:9.0.13]
	at java.util.concurrent.ThreadPoolExecutor.runWorker(ThreadPoolExecutor.java:1149) [na:1.8.0_191]
	at java.util.concurrent.ThreadPoolExecutor$Worker.run(ThreadPoolExecutor.java:624) [na:1.8.0_191]
	at org.apache.tomcat.util.threads.TaskThread$WrappingRunnable.run(TaskThread.java:61) [tomcat-embed-core-9.0.13.jar:9.0.13]
	at java.lang.Thread.run(Thread.java:748) [na:1.8.0_191]

2021-06-27 15:37:21.796 DEBUG 26560 --- [hmily-disruptor_consumer_HmilyTransactionEventConsumer-6] o.d.h.d.c.o.mapper.OrderMapper.update    : ==>  Preparing: update `order` set status = ? where number = ? 
2021-06-27 15:37:21.797 DEBUG 26560 --- [hmily-disruptor_consumer_HmilyTransactionEventConsumer-6] o.d.h.d.c.o.mapper.OrderMapper.update    : ==> Parameters: 3(Integer), 8196214914381414400(String)
2021-06-27 15:37:21.801 ERROR 26560 --- [http-nio-0.0.0.0-8090-exec-4] o.a.c.c.C.[.[.[/].[dispatcherServlet]    : Servlet.service() for servlet [dispatcherServlet] in context with path [] threw exception [Request processing failed; nested exception is feign.FeignException: status 500 reading AccountClient#paymentWithNestedException(AccountNestedDTO); content:
{"timestamp":"2021-06-27T07:37:21.784+0000","status":500,"error":"Internal Server Error","message":"status 500 reading InventoryClient#mockWithTryException(InventoryDTO); content:\n{\"timestamp\":\"2021-06-27T07:37:21.749+0000\",\"status\":500,\"error\":\"Internal Server Error\",\"message\":\"库存扣减异常！\",\"path\":\"/inventory-service/inventory/mockWithTryException\"}","path":"/account-service/account/paymentWithNestedException"}] with root cause

feign.FeignException: status 500 reading AccountClient#paymentWithNestedException(AccountNestedDTO); content:
{"timestamp":"2021-06-27T07:37:21.784+0000","status":500,"error":"Internal Server Error","message":"status 500 reading InventoryClient#mockWithTryException(InventoryDTO); content:\n{\"timestamp\":\"2021-06-27T07:37:21.749+0000\",\"status\":500,\"error\":\"Internal Server Error\",\"message\":\"库存扣减异常！\",\"path\":\"/inventory-service/inventory/mockWithTryException\"}","path":"/account-service/account/paymentWithNestedException"}
	at feign.FeignException.errorStatus(FeignException.java:62) ~[feign-core-9.5.1.jar:na]
	at feign.codec.ErrorDecoder$Default.decode(ErrorDecoder.java:91) ~[feign-core-9.5.1.jar:na]
	at feign.SynchronousMethodHandler.executeAndDecode(SynchronousMethodHandler.java:138) ~[feign-core-9.5.1.jar:na]
	at feign.SynchronousMethodHandler.invoke(SynchronousMethodHandler.java:76) ~[feign-core-9.5.1.jar:na]
	at feign.ReflectiveFeign$FeignInvocationHandler.invoke(ReflectiveFeign.java:103) ~[feign-core-9.5.1.jar:na]
	at org.dromara.hmily.springcloud.feign.HmilyFeignHandler.invoke(HmilyFeignHandler.java:66) ~[hmily-springcloud-2.1.2-SNAPSHOT.jar:na]
	at com.sun.proxy.$Proxy114.paymentWithNestedException(Unknown Source) ~[na:na]
	at org.dromara.hmily.demo.springcloud.order.service.impl.PaymentServiceImpl.makePaymentWithNestedException(PaymentServiceImpl.java:146) ~[classes/:na]
	at org.dromara.hmily.demo.springcloud.order.service.impl.PaymentServiceImpl$$FastClassBySpringCGLIB$$e29f8084.invoke(<generated>) ~[classes/:na]
	at org.springframework.cglib.proxy.MethodProxy.invoke(MethodProxy.java:218) ~[spring-core-5.1.3.RELEASE.jar:5.1.3.RELEASE]
	at org.springframework.aop.framework.CglibAopProxy$CglibMethodInvocation.invokeJoinpoint(CglibAopProxy.java:749) ~[spring-aop-5.1.3.RELEASE.jar:5.1.3.RELEASE]
	at org.springframework.aop.framework.ReflectiveMethodInvocation.proceed(ReflectiveMethodInvocation.java:163) ~[spring-aop-5.1.3.RELEASE.jar:5.1.3.RELEASE]
	at org.springframework.aop.interceptor.ExposeInvocationInterceptor.invoke(ExposeInvocationInterceptor.java:93) ~[spring-aop-5.1.3.RELEASE.jar:5.1.3.RELEASE]
	at org.springframework.aop.framework.ReflectiveMethodInvocation.proceed(ReflectiveMethodInvocation.java:186) ~[spring-aop-5.1.3.RELEASE.jar:5.1.3.RELEASE]
	at org.springframework.aop.aspectj.MethodInvocationProceedingJoinPoint.proceed(MethodInvocationProceedingJoinPoint.java:88) ~[spring-aop-5.1.3.RELEASE.jar:5.1.3.RELEASE]
	at org.dromara.hmily.tcc.handler.StarterHmilyTccTransactionHandler.handleTransaction(StarterHmilyTccTransactionHandler.java:71) ~[hmily-tcc-2.1.2-SNAPSHOT.jar:na]
	at org.dromara.hmily.core.interceptor.HmilyGlobalInterceptor.invokeWithinTransaction(HmilyGlobalInterceptor.java:62) ~[hmily-core-2.1.2-SNAPSHOT.jar:na]
	at org.dromara.hmily.core.interceptor.HmilyGlobalInterceptor.invoke(HmilyGlobalInterceptor.java:57) ~[hmily-core-2.1.2-SNAPSHOT.jar:na]
	at org.dromara.hmily.core.aspect.AbstractHmilyTransactionAspect.interceptTccMethod(AbstractHmilyTransactionAspect.java:53) ~[hmily-core-2.1.2-SNAPSHOT.jar:na]
	at sun.reflect.NativeMethodAccessorImpl.invoke0(Native Method) ~[na:1.8.0_191]
	at sun.reflect.NativeMethodAccessorImpl.invoke(NativeMethodAccessorImpl.java:62) ~[na:1.8.0_191]
	at sun.reflect.DelegatingMethodAccessorImpl.invoke(DelegatingMethodAccessorImpl.java:43) ~[na:1.8.0_191]
	at java.lang.reflect.Method.invoke(Method.java:498) ~[na:1.8.0_191]
	at org.springframework.aop.aspectj.AbstractAspectJAdvice.invokeAdviceMethodWithGivenArgs(AbstractAspectJAdvice.java:644) ~[spring-aop-5.1.3.RELEASE.jar:5.1.3.RELEASE]
	at org.springframework.aop.aspectj.AbstractAspectJAdvice.invokeAdviceMethod(AbstractAspectJAdvice.java:633) ~[spring-aop-5.1.3.RELEASE.jar:5.1.3.RELEASE]
	at org.springframework.aop.aspectj.AspectJAroundAdvice.invoke(AspectJAroundAdvice.java:70) ~[spring-aop-5.1.3.RELEASE.jar:5.1.3.RELEASE]
	at org.springframework.aop.framework.ReflectiveMethodInvocation.proceed(ReflectiveMethodInvocation.java:175) ~[spring-aop-5.1.3.RELEASE.jar:5.1.3.RELEASE]
	at org.springframework.aop.framework.CglibAopProxy$DynamicAdvisedInterceptor.intercept(CglibAopProxy.java:688) ~[spring-aop-5.1.3.RELEASE.jar:5.1.3.RELEASE]
	at org.dromara.hmily.demo.springcloud.order.service.impl.PaymentServiceImpl$$EnhancerBySpringCGLIB$$a8dab1e.makePaymentWithNestedException(<generated>) ~[classes/:na]
	at org.dromara.hmily.demo.springcloud.order.service.impl.OrderServiceImpl.orderPayWithNestedException(OrderServiceImpl.java:108) ~[classes/:na]
	at org.dromara.hmily.demo.springcloud.order.controller.OrderController.orderPayWithNestedException(OrderController.java:99) ~[classes/:na]
	at sun.reflect.NativeMethodAccessorImpl.invoke0(Native Method) ~[na:1.8.0_191]
	at sun.reflect.NativeMethodAccessorImpl.invoke(NativeMethodAccessorImpl.java:62) ~[na:1.8.0_191]
	at sun.reflect.DelegatingMethodAccessorImpl.invoke(DelegatingMethodAccessorImpl.java:43) ~[na:1.8.0_191]
	at java.lang.reflect.Method.invoke(Method.java:498) ~[na:1.8.0_191]
	at org.springframework.web.method.support.InvocableHandlerMethod.doInvoke(InvocableHandlerMethod.java:189) ~[spring-web-5.1.3.RELEASE.jar:5.1.3.RELEASE]
	at org.springframework.web.method.support.InvocableHandlerMethod.invokeForRequest(InvocableHandlerMethod.java:138) ~[spring-web-5.1.3.RELEASE.jar:5.1.3.RELEASE]
	at org.springframework.web.servlet.mvc.method.annotation.ServletInvocableHandlerMethod.invokeAndHandle(ServletInvocableHandlerMethod.java:102) ~[spring-webmvc-5.1.3.RELEASE.jar:5.1.3.RELEASE]
	at org.springframework.web.servlet.mvc.method.annotation.RequestMappingHandlerAdapter.invokeHandlerMethod(RequestMappingHandlerAdapter.java:895) ~[spring-webmvc-5.1.3.RELEASE.jar:5.1.3.RELEASE]
	at org.springframework.web.servlet.mvc.method.annotation.RequestMappingHandlerAdapter.handleInternal(RequestMappingHandlerAdapter.java:800) ~[spring-webmvc-5.1.3.RELEASE.jar:5.1.3.RELEASE]
	at org.springframework.web.servlet.mvc.method.AbstractHandlerMethodAdapter.handle(AbstractHandlerMethodAdapter.java:87) ~[spring-webmvc-5.1.3.RELEASE.jar:5.1.3.RELEASE]
	at org.springframework.web.servlet.DispatcherServlet.doDispatch(DispatcherServlet.java:1038) ~[spring-webmvc-5.1.3.RELEASE.jar:5.1.3.RELEASE]
	at org.springframework.web.servlet.DispatcherServlet.doService(DispatcherServlet.java:942) ~[spring-webmvc-5.1.3.RELEASE.jar:5.1.3.RELEASE]
	at org.springframework.web.servlet.FrameworkServlet.processRequest(FrameworkServlet.java:1005) ~[spring-webmvc-5.1.3.RELEASE.jar:5.1.3.RELEASE]
	at org.springframework.web.servlet.FrameworkServlet.doPost(FrameworkServlet.java:908) ~[spring-webmvc-5.1.3.RELEASE.jar:5.1.3.RELEASE]
	at javax.servlet.http.HttpServlet.service(HttpServlet.java:660) ~[tomcat-embed-core-9.0.13.jar:9.0.13]
	at org.springframework.web.servlet.FrameworkServlet.service(FrameworkServlet.java:882) ~[spring-webmvc-5.1.3.RELEASE.jar:5.1.3.RELEASE]
	at javax.servlet.http.HttpServlet.service(HttpServlet.java:741) ~[tomcat-embed-core-9.0.13.jar:9.0.13]
	at org.apache.catalina.core.ApplicationFilterChain.internalDoFilter(ApplicationFilterChain.java:231) ~[tomcat-embed-core-9.0.13.jar:9.0.13]
	at org.apache.catalina.core.ApplicationFilterChain.doFilter(ApplicationFilterChain.java:166) ~[tomcat-embed-core-9.0.13.jar:9.0.13]
	at org.apache.tomcat.websocket.server.WsFilter.doFilter(WsFilter.java:53) ~[tomcat-embed-websocket-9.0.13.jar:9.0.13]
	at org.apache.catalina.core.ApplicationFilterChain.internalDoFilter(ApplicationFilterChain.java:193) ~[tomcat-embed-core-9.0.13.jar:9.0.13]
	at org.apache.catalina.core.ApplicationFilterChain.doFilter(ApplicationFilterChain.java:166) ~[tomcat-embed-core-9.0.13.jar:9.0.13]
	at org.springframework.web.filter.RequestContextFilter.doFilterInternal(RequestContextFilter.java:99) ~[spring-web-5.1.3.RELEASE.jar:5.1.3.RELEASE]
	at org.springframework.web.filter.OncePerRequestFilter.doFilter(OncePerRequestFilter.java:107) ~[spring-web-5.1.3.RELEASE.jar:5.1.3.RELEASE]
	at org.apache.catalina.core.ApplicationFilterChain.internalDoFilter(ApplicationFilterChain.java:193) ~[tomcat-embed-core-9.0.13.jar:9.0.13]
	at org.apache.catalina.core.ApplicationFilterChain.doFilter(ApplicationFilterChain.java:166) ~[tomcat-embed-core-9.0.13.jar:9.0.13]
	at org.springframework.web.filter.FormContentFilter.doFilterInternal(FormContentFilter.java:92) ~[spring-web-5.1.3.RELEASE.jar:5.1.3.RELEASE]
	at org.springframework.web.filter.OncePerRequestFilter.doFilter(OncePerRequestFilter.java:107) ~[spring-web-5.1.3.RELEASE.jar:5.1.3.RELEASE]
	at org.apache.catalina.core.ApplicationFilterChain.internalDoFilter(ApplicationFilterChain.java:193) ~[tomcat-embed-core-9.0.13.jar:9.0.13]
	at org.apache.catalina.core.ApplicationFilterChain.doFilter(ApplicationFilterChain.java:166) ~[tomcat-embed-core-9.0.13.jar:9.0.13]
	at org.springframework.web.filter.HiddenHttpMethodFilter.doFilterInternal(HiddenHttpMethodFilter.java:93) ~[spring-web-5.1.3.RELEASE.jar:5.1.3.RELEASE]
	at org.springframework.web.filter.OncePerRequestFilter.doFilter(OncePerRequestFilter.java:107) ~[spring-web-5.1.3.RELEASE.jar:5.1.3.RELEASE]
	at org.apache.catalina.core.ApplicationFilterChain.internalDoFilter(ApplicationFilterChain.java:193) ~[tomcat-embed-core-9.0.13.jar:9.0.13]
	at org.apache.catalina.core.ApplicationFilterChain.doFilter(ApplicationFilterChain.java:166) ~[tomcat-embed-core-9.0.13.jar:9.0.13]
	at org.springframework.web.filter.CharacterEncodingFilter.doFilterInternal(CharacterEncodingFilter.java:200) ~[spring-web-5.1.3.RELEASE.jar:5.1.3.RELEASE]
	at org.springframework.web.filter.OncePerRequestFilter.doFilter(OncePerRequestFilter.java:107) ~[spring-web-5.1.3.RELEASE.jar:5.1.3.RELEASE]
	at org.apache.catalina.core.ApplicationFilterChain.internalDoFilter(ApplicationFilterChain.java:193) ~[tomcat-embed-core-9.0.13.jar:9.0.13]
	at org.apache.catalina.core.ApplicationFilterChain.doFilter(ApplicationFilterChain.java:166) ~[tomcat-embed-core-9.0.13.jar:9.0.13]
	at org.apache.catalina.core.StandardWrapperValve.invoke(StandardWrapperValve.java:199) ~[tomcat-embed-core-9.0.13.jar:9.0.13]
	at org.apache.catalina.core.StandardContextValve.invoke(StandardContextValve.java:96) [tomcat-embed-core-9.0.13.jar:9.0.13]
	at org.apache.catalina.authenticator.AuthenticatorBase.invoke(AuthenticatorBase.java:490) [tomcat-embed-core-9.0.13.jar:9.0.13]
	at org.apache.catalina.core.StandardHostValve.invoke(StandardHostValve.java:139) [tomcat-embed-core-9.0.13.jar:9.0.13]
	at org.apache.catalina.valves.ErrorReportValve.invoke(ErrorReportValve.java:92) [tomcat-embed-core-9.0.13.jar:9.0.13]
	at org.apache.catalina.core.StandardEngineValve.invoke(StandardEngineValve.java:74) [tomcat-embed-core-9.0.13.jar:9.0.13]
	at org.apache.catalina.connector.CoyoteAdapter.service(CoyoteAdapter.java:343) [tomcat-embed-core-9.0.13.jar:9.0.13]
	at org.apache.coyote.http11.Http11Processor.service(Http11Processor.java:408) [tomcat-embed-core-9.0.13.jar:9.0.13]
	at org.apache.coyote.AbstractProcessorLight.process(AbstractProcessorLight.java:66) [tomcat-embed-core-9.0.13.jar:9.0.13]
	at org.apache.coyote.AbstractProtocol$ConnectionHandler.process(AbstractProtocol.java:791) [tomcat-embed-core-9.0.13.jar:9.0.13]
	at org.apache.tomcat.util.net.NioEndpoint$SocketProcessor.doRun(NioEndpoint.java:1417) [tomcat-embed-core-9.0.13.jar:9.0.13]
	at org.apache.tomcat.util.net.SocketProcessorBase.run(SocketProcessorBase.java:49) [tomcat-embed-core-9.0.13.jar:9.0.13]
	at java.util.concurrent.ThreadPoolExecutor.runWorker(ThreadPoolExecutor.java:1149) [na:1.8.0_191]
	at java.util.concurrent.ThreadPoolExecutor$Worker.run(ThreadPoolExecutor.java:624) [na:1.8.0_191]
	at org.apache.tomcat.util.threads.TaskThread$WrappingRunnable.run(TaskThread.java:61) [tomcat-embed-core-9.0.13.jar:9.0.13]
	at java.lang.Thread.run(Thread.java:748) [na:1.8.0_191]

2021-06-27 15:37:21.802 DEBUG 26560 --- [hmily-disruptor_consumer_HmilyTransactionEventConsumer-6] o.d.h.d.c.o.mapper.OrderMapper.update    : <==    Updates: 1
2021-06-27 15:37:21.802  INFO 26560 --- [hmily-disruptor_consumer_HmilyTransactionEventConsumer-6] o.d.h.d.s.o.s.impl.PaymentServiceImpl    : =========进行订单cancel操作完成================
